<?xml version="1.0" encoding="UTF-8"?>
<!-- Generated by org.testng.reporters.JUnitReportReporter -->
<testsuite hostname="MWDH-Work2" failures="0" tests="1" name="ass2W10D2.ChromWebDriverAss2W10D2" time="5.166" errors="0" timestamp="2022-08-19T17:06:34 AST" skipped="0">
  <testcase classname="ass2W10D2.ChromWebDriverAss2W10D2" name="TestNG" time="5.166"/>
  <system-out/>
</testsuite> <!-- ass2W10D2.ChromWebDriverAss2W10D2 -->
